# JRE version: Java(TM) SE Runtime Environment (8.0_181-b13) (build 1.8.0_181-b13)
# Java VM: Java HotSpot(TM) 64-Bit Server VM (25.181-b13 mixed mode windows-amd64 compressed oops)
Heap:
 PSYoungGen      total 1923072K, used 248844K [0x0000000715980000, 0x000000079ab00000, 0x00000007c0000000)
  eden space 1715712K, 5% used [0x0000000715980000,0x000000071b7fb350,0x000000077e500000)
  from space 207360K, 73% used [0x000000078bf00000,0x0000000795388000,0x0000000798980000)
  to   space 223232K, 0% used [0x000000077e500000,0x000000077e500000,0x000000078bf00000)
 ParOldGen       total 595456K, used 359673K [0x00000005c0c00000, 0x00000005e5180000, 0x0000000715980000)
  object space 595456K, 60% used [0x00000005c0c00000,0x00000005d6b3e768,0x00000005e5180000)
 Metaspace       used 10631K, capacity 10963K, committed 11264K, reserved 1058816K
  class space    used 875K, capacity 982K, committed 1024K, reserved 1048576K
GC Heap History (10 events):
Event: 51.057 GC heap before
{Heap before GC invocations=43 (full 0):
 PSYoungGen      total 1226752K, used 1226752K [0x0000000715980000, 0x0000000783180000, 0x00000007c0000000)
  eden space 1170432K, 100% used [0x0000000715980000,0x000000075d080000,0x000000075d080000)
  from space 56320K, 100% used [0x000000077fa80000,0x0000000783180000,0x0000000783180000)
  to   space 121344K, 0% used [0x0000000774480000,0x0000000774480000,0x000000077bb00000)
 ParOldGen       total 349696K, used 225168K [0x00000005c0c00000, 0x00000005d6180000, 0x0000000715980000)
  object space 349696K, 64% used [0x00000005c0c00000,0x00000005ce7e43d0,0x00000005d6180000)
 Metaspace       used 10626K, capacity 10957K, committed 11008K, reserved 1058816K
  class space    used 874K, capacity 981K, committed 1024K, reserved 1048576K
Event: 51.158 GC heap after
Heap after GC invocations=43 (full 0):
 PSYoungGen      total 1549312K, used 121312K [0x0000000715980000, 0x000000077fb00000, 0x00000007c0000000)
  eden space 1427968K, 0% used [0x0000000715980000,0x0000000715980000,0x000000076cc00000)
  from space 121344K, 99% used [0x0000000774480000,0x000000077baf8010,0x000000077bb00000)
  to   space 65536K, 0% used [0x000000077bb00000,0x000000077bb00000,0x000000077fb00000)
 ParOldGen       total 349696K, used 238937K [0x00000005c0c00000, 0x00000005d6180000, 0x0000000715980000)
  object space 349696K, 68% used [0x00000005c0c00000,0x00000005cf5564f0,0x00000005d6180000)
 Metaspace       used 10626K, capacity 10957K, committed 11008K, reserved 1058816K
  class space    used 874K, capacity 981K, committed 1024K, reserved 1048576K
}
Event: 53.978 GC heap before
{Heap before GC invocations=44 (full 0):
 PSYoungGen      total 1549312K, used 1549280K [0x0000000715980000, 0x000000077fb00000, 0x00000007c0000000)
  eden space 1427968K, 100% used [0x0000000715980000,0x000000076cc00000,0x000000076cc00000)
  from space 121344K, 99% used [0x0000000774480000,0x000000077baf8010,0x000000077bb00000)
  to   space 65536K, 0% used [0x000000077bb00000,0x000000077bb00000,0x000000077fb00000)
 ParOldGen       total 349696K, used 238937K [0x00000005c0c00000, 0x00000005d6180000, 0x0000000715980000)
  object space 349696K, 68% used [0x00000005c0c00000,0x00000005cf5564f0,0x00000005d6180000)
 Metaspace       used 10627K, capacity 10957K, committed 11008K, reserved 1058816K
  class space    used 874K, capacity 981K, committed 1024K, reserved 1048576K
Event: 54.077 GC heap after
Heap after GC invocations=44 (full 0):
 PSYoungGen      total 1552896K, used 65528K [0x0000000715980000, 0x0000000796900000, 0x00000007c0000000)
  eden space 1487360K, 0% used [0x0000000715980000,0x0000000715980000,0x0000000770600000)
  from space 65536K, 99% used [0x000000077bb00000,0x000000077fafe1a8,0x000000077fb00000)
  to   space 185344K, 0% used [0x0000000770600000,0x0000000770600000,0x000000077bb00000)
 ParOldGen       total 353792K, used 352425K [0x00000005c0c00000, 0x00000005d6580000, 0x0000000715980000)
  object space 353792K, 99% used [0x00000005c0c00000,0x00000005d642a500,0x00000005d6580000)
 Metaspace       used 10627K, capacity 10957K, committed 11008K, reserved 1058816K
  class space    used 874K, capacity 981K, committed 1024K, reserved 1048576K
}
Event: 54.077 GC heap before
{Heap before GC invocations=45 (full 1):
 PSYoungGen      total 1552896K, used 65528K [0x0000000715980000, 0x0000000796900000, 0x00000007c0000000)
  eden space 1487360K, 0% used [0x0000000715980000,0x0000000715980000,0x0000000770600000)
  from space 65536K, 99% used [0x000000077bb00000,0x000000077fafe1a8,0x000000077fb00000)
  to   space 185344K, 0% used [0x0000000770600000,0x0000000770600000,0x000000077bb00000)
 ParOldGen       total 353792K, used 352425K [0x00000005c0c00000, 0x00000005d6580000, 0x0000000715980000)
  object space 353792K, 99% used [0x00000005c0c00000,0x00000005d642a500,0x00000005d6580000)
 Metaspace       used 10627K, capacity 10957K, committed 11008K, reserved 1058816K
  class space    used 874K, capacity 981K, committed 1024K, reserved 1048576K
Event: 54.704 GC heap after
Heap after GC invocations=45 (full 1):
 PSYoungGen      total 1552896K, used 0K [0x0000000715980000, 0x0000000796900000, 0x00000007c0000000)
  eden space 1487360K, 0% used [0x0000000715980000,0x0000000715980000,0x0000000770600000)
  from space 65536K, 0% used [0x000000077bb00000,0x000000077bb00000,0x000000077fb00000)
  to   space 185344K, 0% used [0x0000000770600000,0x0000000770600000,0x000000077bb00000)
 ParOldGen       total 595456K, used 347361K [0x00000005c0c00000, 0x00000005e5180000, 0x0000000715980000)
  object space 595456K, 58% used [0x00000005c0c00000,0x00000005d5f38768,0x00000005e5180000)
 Metaspace       used 10627K, capacity 10957K, committed 11008K, reserved 1058816K
  class space    used 874K, capacity 981K, committed 1024K, reserved 1048576K
}
Event: 57.663 GC heap before
{Heap before GC invocations=46 (full 1):
 PSYoungGen      total 1552896K, used 1487360K [0x0000000715980000, 0x0000000796900000, 0x00000007c0000000)
  eden space 1487360K, 100% used [0x0000000715980000,0x0000000770600000,0x0000000770600000)
  from space 65536K, 0% used [0x000000077bb00000,0x000000077bb00000,0x000000077fb00000)
  to   space 185344K, 0% used [0x0000000770600000,0x0000000770600000,0x000000077bb00000)
 ParOldGen       total 595456K, used 347361K [0x00000005c0c00000, 0x00000005e5180000, 0x0000000715980000)
  object space 595456K, 58% used [0x00000005c0c00000,0x00000005d5f38768,0x00000005e5180000)
 Metaspace       used 10627K, capacity 10957K, committed 11008K, reserved 1058816K
  class space    used 874K, capacity 981K, committed 1024K, reserved 1048576K
Event: 57.790 GC heap after
Heap after GC invocations=46 (full 1):
 PSYoungGen      total 1672704K, used 156224K [0x0000000715980000, 0x0000000798980000, 0x00000007c0000000)
  eden space 1487360K, 0% used [0x0000000715980000,0x0000000715980000,0x0000000770600000)
  from space 185344K, 84% used [0x0000000770600000,0x0000000779e90000,0x000000077bb00000)
  to   space 207360K, 0% used [0x000000078bf00000,0x000000078bf00000,0x0000000798980000)
 ParOldGen       total 595456K, used 347361K [0x00000005c0c00000, 0x00000005e5180000, 0x0000000715980000)
  object space 595456K, 58% used [0x00000005c0c00000,0x00000005d5f38768,0x00000005e5180000)
 Metaspace       used 10627K, capacity 10957K, committed 11008K, reserved 1058816K
  class space    used 874K, capacity 981K, committed 1024K, reserved 1048576K
}
Event: 60.802 GC heap before
{Heap before GC invocations=47 (full 1):
 PSYoungGen      total 1672704K, used 1643584K [0x0000000715980000, 0x0000000798980000, 0x00000007c0000000)
  eden space 1487360K, 100% used [0x0000000715980000,0x0000000770600000,0x0000000770600000)
  from space 185344K, 84% used [0x0000000770600000,0x0000000779e90000,0x000000077bb00000)
  to   space 207360K, 0% used [0x000000078bf00000,0x000000078bf00000,0x0000000798980000)
 ParOldGen       total 595456K, used 347361K [0x00000005c0c00000, 0x00000005e5180000, 0x0000000715980000)
  object space 595456K, 58% used [0x00000005c0c00000,0x00000005d5f38768,0x00000005e5180000)
 Metaspace       used 10628K, capacity 10957K, committed 11008K, reserved 1058816K
  class space    used 874K, capacity 981K, committed 1024K, reserved 1048576K
Event: 60.926 GC heap after
Heap after GC invocations=47 (full 1):
 PSYoungGen      total 1923072K, used 152096K [0x0000000715980000, 0x000000079ab00000, 0x00000007c0000000)
  eden space 1715712K, 0% used [0x0000000715980000,0x0000000715980000,0x000000077e500000)
  from space 207360K, 73% used [0x000000078bf00000,0x0000000795388000,0x0000000798980000)
  to   space 223232K, 0% used [0x000000077e500000,0x000000077e500000,0x000000078bf00000)
 ParOldGen       total 595456K, used 359673K [0x00000005c0c00000, 0x00000005e5180000, 0x0000000715980000)
  object space 595456K, 60% used [0x00000005c0c00000,0x00000005d6b3e768,0x00000005e5180000)
 Metaspace       used 10628K, capacity 10957K, committed 11008K, reserved 1058816K
  class space    used 874K, capacity 981K, committed 1024K, reserved 1048576K
}

