# JRE version: Java(TM) SE Runtime Environment (8.0_181-b13) (build 1.8.0_181-b13)
# Java VM: Java HotSpot(TM) 64-Bit Server VM (25.181-b13 mixed mode windows-amd64 compressed oops)
Heap:
 PSYoungGen      total 2420736K, used 2082075K [0x0000000715980000, 0x00000007bdf00000, 0x00000007c0000000)
  eden space 2080768K, 91% used [0x0000000715980000,0x000000078a576c20,0x0000000794980000)
  from space 339968K, 49% used [0x0000000794980000,0x000000079eed0000,0x00000007a9580000)
  to   space 327680K, 0% used [0x00000007a9f00000,0x00000007a9f00000,0x00000007bdf00000)
 ParOldGen       total 657408K, used 518432K [0x00000005c0c00000, 0x00000005e8e00000, 0x0000000715980000)
  object space 657408K, 78% used [0x00000005c0c00000,0x00000005e0648220,0x00000005e8e00000)
 Metaspace       used 10615K, capacity 10877K, committed 11008K, reserved 1058816K
  class space    used 874K, capacity 979K, committed 1024K, reserved 1048576K
GC Heap History (10 events):
Event: 42.782 GC heap before
{Heap before GC invocations=18 (full 1):
 PSYoungGen      total 2422272K, used 2317824K [0x0000000715980000, 0x00000007c0000000, 0x00000007c0000000)
  eden space 2089472K, 100% used [0x0000000715980000,0x0000000795200000,0x0000000795200000)
  from space 332800K, 68% used [0x00000007abb00000,0x00000007b9a00000,0x00000007c0000000)
  to   space 351232K, 0% used [0x0000000795200000,0x0000000795200000,0x00000007aa900000)
 ParOldGen       total 657408K, used 505632K [0x00000005c0c00000, 0x00000005e8e00000, 0x0000000715980000)
  object space 657408K, 76% used [0x00000005c0c00000,0x00000005df9c8220,0x00000005e8e00000)
 Metaspace       used 10609K, capacity 10871K, committed 11008K, reserved 1058816K
  class space    used 872K, capacity 978K, committed 1024K, reserved 1048576K
Event: 42.935 GC heap after
Heap after GC invocations=18 (full 1):
 PSYoungGen      total 2306048K, used 216416K [0x0000000715980000, 0x00000007c0000000, 0x00000007c0000000)
  eden space 2089472K, 0% used [0x0000000715980000,0x0000000715980000,0x0000000795200000)
  from space 216576K, 99% used [0x0000000795200000,0x00000007a2558000,0x00000007a2580000)
  to   space 360448K, 0% used [0x00000007aa000000,0x00000007aa000000,0x00000007c0000000)
 ParOldGen       total 657408K, used 506736K [0x00000005c0c00000, 0x00000005e8e00000, 0x0000000715980000)
  object space 657408K, 77% used [0x00000005c0c00000,0x00000005dfadc220,0x00000005e8e00000)
 Metaspace       used 10609K, capacity 10871K, committed 11008K, reserved 1058816K
  class space    used 872K, capacity 978K, committed 1024K, reserved 1048576K
}
Event: 46.633 GC heap before
{Heap before GC invocations=19 (full 1):
 PSYoungGen      total 2306048K, used 2305888K [0x0000000715980000, 0x00000007c0000000, 0x00000007c0000000)
  eden space 2089472K, 100% used [0x0000000715980000,0x0000000795200000,0x0000000795200000)
  from space 216576K, 99% used [0x0000000795200000,0x00000007a2558000,0x00000007a2580000)
  to   space 360448K, 0% used [0x00000007aa000000,0x00000007aa000000,0x00000007c0000000)
 ParOldGen       total 657408K, used 506736K [0x00000005c0c00000, 0x00000005e8e00000, 0x0000000715980000)
  object space 657408K, 77% used [0x00000005c0c00000,0x00000005dfadc220,0x00000005e8e00000)
 Metaspace       used 10609K, capacity 10871K, committed 11008K, reserved 1058816K
  class space    used 872K, capacity 978K, committed 1024K, reserved 1048576K
Event: 46.771 GC heap after
Heap after GC invocations=19 (full 1):
 PSYoungGen      total 2432000K, used 198592K [0x0000000715980000, 0x00000007c0000000, 0x00000007c0000000)
  eden space 2071552K, 0% used [0x0000000715980000,0x0000000715980000,0x0000000794080000)
  from space 360448K, 55% used [0x00000007aa000000,0x00000007b61f0000,0x00000007c0000000)
  to   space 359936K, 0% used [0x0000000794080000,0x0000000794080000,0x00000007aa000000)
 ParOldGen       total 657408K, used 507464K [0x00000005c0c00000, 0x00000005e8e00000, 0x0000000715980000)
  object space 657408K, 77% used [0x00000005c0c00000,0x00000005dfb92220,0x00000005e8e00000)
 Metaspace       used 10609K, capacity 10871K, committed 11008K, reserved 1058816K
  class space    used 872K, capacity 978K, committed 1024K, reserved 1048576K
}
Event: 50.359 GC heap before
{Heap before GC invocations=20 (full 1):
 PSYoungGen      total 2432000K, used 2270144K [0x0000000715980000, 0x00000007c0000000, 0x00000007c0000000)
  eden space 2071552K, 100% used [0x0000000715980000,0x0000000794080000,0x0000000794080000)
  from space 360448K, 55% used [0x00000007aa000000,0x00000007b61f0000,0x00000007c0000000)
  to   space 359936K, 0% used [0x0000000794080000,0x0000000794080000,0x00000007aa000000)
 ParOldGen       total 657408K, used 507464K [0x00000005c0c00000, 0x00000005e8e00000, 0x0000000715980000)
  object space 657408K, 77% used [0x00000005c0c00000,0x00000005dfb92220,0x00000005e8e00000)
 Metaspace       used 10609K, capacity 10871K, committed 11008K, reserved 1058816K
  class space    used 872K, capacity 978K, committed 1024K, reserved 1048576K
Event: 50.486 GC heap after
Heap after GC invocations=20 (full 1):
 PSYoungGen      total 2247168K, used 175520K [0x0000000715980000, 0x00000007bea80000, 0x00000007c0000000)
  eden space 2071552K, 0% used [0x0000000715980000,0x0000000715980000,0x0000000794080000)
  from space 175616K, 99% used [0x0000000794080000,0x000000079ebe8000,0x000000079ec00000)
  to   space 349184K, 0% used [0x00000007a9580000,0x00000007a9580000,0x00000007bea80000)
 ParOldGen       total 657408K, used 514072K [0x00000005c0c00000, 0x00000005e8e00000, 0x0000000715980000)
  object space 657408K, 78% used [0x00000005c0c00000,0x00000005e0206220,0x00000005e8e00000)
 Metaspace       used 10609K, capacity 10871K, committed 11008K, reserved 1058816K
  class space    used 872K, capacity 978K, committed 1024K, reserved 1048576K
}
Event: 54.087 GC heap before
{Heap before GC invocations=21 (full 1):
 PSYoungGen      total 2247168K, used 2247072K [0x0000000715980000, 0x00000007bea80000, 0x00000007c0000000)
  eden space 2071552K, 100% used [0x0000000715980000,0x0000000794080000,0x0000000794080000)
  from space 175616K, 99% used [0x0000000794080000,0x000000079ebe8000,0x000000079ec00000)
  to   space 349184K, 0% used [0x00000007a9580000,0x00000007a9580000,0x00000007bea80000)
 ParOldGen       total 657408K, used 514072K [0x00000005c0c00000, 0x00000005e8e00000, 0x0000000715980000)
  object space 657408K, 78% used [0x00000005c0c00000,0x00000005e0206220,0x00000005e8e00000)
 Metaspace       used 10610K, capacity 10871K, committed 11008K, reserved 1058816K
  class space    used 872K, capacity 978K, committed 1024K, reserved 1048576K
Event: 54.212 GC heap after
Heap after GC invocations=21 (full 1):
 PSYoungGen      total 2429952K, used 178752K [0x0000000715980000, 0x00000007c0000000, 0x00000007c0000000)
  eden space 2080768K, 0% used [0x0000000715980000,0x0000000715980000,0x0000000794980000)
  from space 349184K, 51% used [0x00000007a9580000,0x00000007b4410000,0x00000007bea80000)
  to   space 339968K, 0% used [0x0000000794980000,0x0000000794980000,0x00000007a9580000)
 ParOldGen       total 657408K, used 517856K [0x00000005c0c00000, 0x00000005e8e00000, 0x0000000715980000)
  object space 657408K, 78% used [0x00000005c0c00000,0x00000005e05b8220,0x00000005e8e00000)
 Metaspace       used 10610K, capacity 10871K, committed 11008K, reserved 1058816K
  class space    used 872K, capacity 978K, committed 1024K, reserved 1048576K
}
Event: 57.789 GC heap before
{Heap before GC invocations=22 (full 1):
 PSYoungGen      total 2429952K, used 2259520K [0x0000000715980000, 0x00000007c0000000, 0x00000007c0000000)
  eden space 2080768K, 100% used [0x0000000715980000,0x0000000794980000,0x0000000794980000)
  from space 349184K, 51% used [0x00000007a9580000,0x00000007b4410000,0x00000007bea80000)
  to   space 339968K, 0% used [0x0000000794980000,0x0000000794980000,0x00000007a9580000)
 ParOldGen       total 657408K, used 517856K [0x00000005c0c00000, 0x00000005e8e00000, 0x0000000715980000)
  object space 657408K, 78% used [0x00000005c0c00000,0x00000005e05b8220,0x00000005e8e00000)
 Metaspace       used 10610K, capacity 10871K, committed 11008K, reserved 1058816K
  class space    used 872K, capacity 978K, committed 1024K, reserved 1048576K
Event: 57.913 GC heap after
Heap after GC invocations=22 (full 1):
 PSYoungGen      total 2420736K, used 169280K [0x0000000715980000, 0x00000007bdf00000, 0x00000007c0000000)
  eden space 2080768K, 0% used [0x0000000715980000,0x0000000715980000,0x0000000794980000)
  from space 339968K, 49% used [0x0000000794980000,0x000000079eed0000,0x00000007a9580000)
  to   space 327680K, 0% used [0x00000007a9f00000,0x00000007a9f00000,0x00000007bdf00000)
 ParOldGen       total 657408K, used 518432K [0x00000005c0c00000, 0x00000005e8e00000, 0x0000000715980000)
  object space 657408K, 78% used [0x00000005c0c00000,0x00000005e0648220,0x00000005e8e00000)
 Metaspace       used 10610K, capacity 10871K, committed 11008K, reserved 1058816K
  class space    used 872K, capacity 978K, committed 1024K, reserved 1048576K
}

