# JRE version: Java(TM) SE Runtime Environment (8.0_181-b13) (build 1.8.0_181-b13)
# Java VM: Java HotSpot(TM) 64-Bit Server VM (25.181-b13 mixed mode windows-amd64 compressed oops)
Heap:
 PSYoungGen      total 553472K, used 551232K [0x0000000715980000, 0x0000000759680000, 0x00000007c0000000)
  eden space 523776K, 100% used [0x0000000715980000,0x0000000735900000,0x0000000735900000)
  from space 29696K, 92% used [0x0000000735900000,0x00000007373d0010,0x0000000737600000)
  to   space 31744K, 0% used [0x0000000757780000,0x0000000757780000,0x0000000759680000)
 ParOldGen       total 349696K, used 19272K [0x00000005c0c00000, 0x00000005d6180000, 0x0000000715980000)
  object space 349696K, 5% used [0x00000005c0c00000,0x00000005c1ed2378,0x00000005d6180000)
 Metaspace       used 10581K, capacity 10893K, committed 11008K, reserved 1058816K
  class space    used 873K, capacity 979K, committed 1024K, reserved 1048576K
GC Heap History (10 events):
Event: 1.480 GC heap before
{Heap before GC invocations=3 (full 0):
 PSYoungGen      total 153088K, used 148848K [0x0000000715980000, 0x0000000728480000, 0x00000007c0000000)
  eden space 131584K, 100% used [0x0000000715980000,0x000000071da00000,0x000000071da00000)
  from space 21504K, 80% used [0x000000071ef00000,0x000000071ffdc010,0x0000000720400000)
  to   space 21504K, 0% used [0x000000071da00000,0x000000071da00000,0x000000071ef00000)
 ParOldGen       total 349696K, used 24K [0x00000005c0c00000, 0x00000005d6180000, 0x0000000715980000)
  object space 349696K, 0% used [0x00000005c0c00000,0x00000005c0c06000,0x00000005d6180000)
 Metaspace       used 7261K, capacity 7554K, committed 7808K, reserved 1056768K
  class space    used 756K, capacity 845K, committed 896K, reserved 1048576K
Event: 1.488 GC heap after
Heap after GC invocations=3 (full 0):
 PSYoungGen      total 153088K, used 17392K [0x0000000715980000, 0x0000000728480000, 0x00000007c0000000)
  eden space 131584K, 0% used [0x0000000715980000,0x0000000715980000,0x000000071da00000)
  from space 21504K, 80% used [0x000000071da00000,0x000000071eafc0c8,0x000000071ef00000)
  to   space 21504K, 0% used [0x0000000726f80000,0x0000000726f80000,0x0000000728480000)
 ParOldGen       total 349696K, used 32K [0x00000005c0c00000, 0x00000005d6180000, 0x0000000715980000)
  object space 349696K, 0% used [0x00000005c0c00000,0x00000005c0c08000,0x00000005d6180000)
 Metaspace       used 7261K, capacity 7554K, committed 7808K, reserved 1056768K
  class space    used 756K, capacity 845K, committed 896K, reserved 1048576K
}
Event: 2.240 GC heap before
{Heap before GC invocations=4 (full 0):
 PSYoungGen      total 153088K, used 148976K [0x0000000715980000, 0x0000000728480000, 0x00000007c0000000)
  eden space 131584K, 100% used [0x0000000715980000,0x000000071da00000,0x000000071da00000)
  from space 21504K, 80% used [0x000000071da00000,0x000000071eafc0c8,0x000000071ef00000)
  to   space 21504K, 0% used [0x0000000726f80000,0x0000000726f80000,0x0000000728480000)
 ParOldGen       total 349696K, used 32K [0x00000005c0c00000, 0x00000005d6180000, 0x0000000715980000)
  object space 349696K, 0% used [0x00000005c0c00000,0x00000005c0c08000,0x00000005d6180000)
 Metaspace       used 10558K, capacity 10823K, committed 11008K, reserved 1058816K
  class space    used 872K, capacity 978K, committed 1024K, reserved 1048576K
Event: 2.252 GC heap after
Heap after GC invocations=4 (full 0):
 PSYoungGen      total 284672K, used 21489K [0x0000000715980000, 0x0000000728480000, 0x00000007c0000000)
  eden space 263168K, 0% used [0x0000000715980000,0x0000000715980000,0x0000000725a80000)
  from space 21504K, 99% used [0x0000000726f80000,0x000000072847c6e0,0x0000000728480000)
  to   space 21504K, 0% used [0x0000000725a80000,0x0000000725a80000,0x0000000726f80000)
 ParOldGen       total 349696K, used 3932K [0x00000005c0c00000, 0x00000005d6180000, 0x0000000715980000)
  object space 349696K, 1% used [0x00000005c0c00000,0x00000005c0fd7270,0x00000005d6180000)
 Metaspace       used 10558K, capacity 10823K, committed 11008K, reserved 1058816K
  class space    used 872K, capacity 978K, committed 1024K, reserved 1048576K
}
Event: 3.165 GC heap before
{Heap before GC invocations=5 (full 0):
 PSYoungGen      total 284672K, used 284657K [0x0000000715980000, 0x0000000728480000, 0x00000007c0000000)
  eden space 263168K, 100% used [0x0000000715980000,0x0000000725a80000,0x0000000725a80000)
  from space 21504K, 99% used [0x0000000726f80000,0x000000072847c6e0,0x0000000728480000)
  to   space 21504K, 0% used [0x0000000725a80000,0x0000000725a80000,0x0000000726f80000)
 ParOldGen       total 349696K, used 3932K [0x00000005c0c00000, 0x00000005d6180000, 0x0000000715980000)
  object space 349696K, 1% used [0x00000005c0c00000,0x00000005c0fd7270,0x00000005d6180000)
 Metaspace       used 10566K, capacity 10823K, committed 11008K, reserved 1058816K
  class space    used 872K, capacity 978K, committed 1024K, reserved 1048576K
Event: 3.178 GC heap after
Heap after GC invocations=5 (full 0):
 PSYoungGen      total 284672K, used 21473K [0x0000000715980000, 0x0000000739080000, 0x00000007c0000000)
  eden space 263168K, 0% used [0x0000000715980000,0x0000000715980000,0x0000000725a80000)
  from space 21504K, 99% used [0x0000000725a80000,0x0000000726f78788,0x0000000726f80000)
  to   space 27136K, 0% used [0x0000000737600000,0x0000000737600000,0x0000000739080000)
 ParOldGen       total 349696K, used 7236K [0x00000005c0c00000, 0x00000005d6180000, 0x0000000715980000)
  object space 349696K, 2% used [0x00000005c0c00000,0x00000005c1311270,0x00000005d6180000)
 Metaspace       used 10566K, capacity 10823K, committed 11008K, reserved 1058816K
  class space    used 872K, capacity 978K, committed 1024K, reserved 1048576K
}
Event: 4.322 GC heap before
{Heap before GC invocations=6 (full 0):
 PSYoungGen      total 284672K, used 284641K [0x0000000715980000, 0x0000000739080000, 0x00000007c0000000)
  eden space 263168K, 100% used [0x0000000715980000,0x0000000725a80000,0x0000000725a80000)
  from space 21504K, 99% used [0x0000000725a80000,0x0000000726f78788,0x0000000726f80000)
  to   space 27136K, 0% used [0x0000000737600000,0x0000000737600000,0x0000000739080000)
 ParOldGen       total 349696K, used 7236K [0x00000005c0c00000, 0x00000005d6180000, 0x0000000715980000)
  object space 349696K, 2% used [0x00000005c0c00000,0x00000005c1311270,0x00000005d6180000)
 Metaspace       used 10567K, capacity 10823K, committed 11008K, reserved 1058816K
  class space    used 872K, capacity 978K, committed 1024K, reserved 1048576K
Event: 4.335 GC heap after
Heap after GC invocations=6 (full 0):
 PSYoungGen      total 550912K, used 27105K [0x0000000715980000, 0x0000000739580000, 0x00000007c0000000)
  eden space 523776K, 0% used [0x0000000715980000,0x0000000715980000,0x0000000735900000)
  from space 27136K, 99% used [0x0000000737600000,0x0000000739078788,0x0000000739080000)
  to   space 29696K, 0% used [0x0000000735900000,0x0000000735900000,0x0000000737600000)
 ParOldGen       total 349696K, used 7516K [0x00000005c0c00000, 0x00000005d6180000, 0x0000000715980000)
  object space 349696K, 2% used [0x00000005c0c00000,0x00000005c1357270,0x00000005d6180000)
 Metaspace       used 10567K, capacity 10823K, committed 11008K, reserved 1058816K
  class space    used 872K, capacity 978K, committed 1024K, reserved 1048576K
}
Event: 6.743 GC heap before
{Heap before GC invocations=7 (full 0):
 PSYoungGen      total 550912K, used 550881K [0x0000000715980000, 0x0000000739580000, 0x00000007c0000000)
  eden space 523776K, 100% used [0x0000000715980000,0x0000000735900000,0x0000000735900000)
  from space 27136K, 99% used [0x0000000737600000,0x0000000739078788,0x0000000739080000)
  to   space 29696K, 0% used [0x0000000735900000,0x0000000735900000,0x0000000737600000)
 ParOldGen       total 349696K, used 7516K [0x00000005c0c00000, 0x00000005d6180000, 0x0000000715980000)
  object space 349696K, 2% used [0x00000005c0c00000,0x00000005c1357270,0x00000005d6180000)
 Metaspace       used 10576K, capacity 10887K, committed 11008K, reserved 1058816K
  class space    used 872K, capacity 978K, committed 1024K, reserved 1048576K
Event: 6.765 GC heap after
Heap after GC invocations=7 (full 0):
 PSYoungGen      total 553472K, used 27456K [0x0000000715980000, 0x0000000759680000, 0x00000007c0000000)
  eden space 523776K, 0% used [0x0000000715980000,0x0000000715980000,0x0000000735900000)
  from space 29696K, 92% used [0x0000000735900000,0x00000007373d0010,0x0000000737600000)
  to   space 31744K, 0% used [0x0000000757780000,0x0000000757780000,0x0000000759680000)
 ParOldGen       total 349696K, used 19272K [0x00000005c0c00000, 0x00000005d6180000, 0x0000000715980000)
  object space 349696K, 5% used [0x00000005c0c00000,0x00000005c1ed2378,0x00000005d6180000)
 Metaspace       used 10576K, capacity 10887K, committed 11008K, reserved 1058816K
  class space    used 872K, capacity 978K, committed 1024K, reserved 1048576K
}

