# JRE version: Java(TM) SE Runtime Environment (8.0_181-b13) (build 1.8.0_181-b13)
# Java VM: Java HotSpot(TM) 64-Bit Server VM (25.181-b13 mixed mode windows-amd64 compressed oops)
Heap:
 PSYoungGen      total 926208K, used 173401K [0x0000000715980000, 0x0000000756a00000, 0x00000007c0000000)
  eden space 918528K, 18% used [0x0000000715980000,0x000000071fb5e618,0x000000074da80000)
  from space 7680K, 99% used [0x0000000754600000,0x0000000754d78000,0x0000000754d80000)
  to   space 23552K, 0% used [0x0000000755300000,0x0000000755300000,0x0000000756a00000)
 ParOldGen       total 349696K, used 13344K [0x00000005c0c00000, 0x00000005d6180000, 0x0000000715980000)
  object space 349696K, 3% used [0x00000005c0c00000,0x00000005c19083a0,0x00000005d6180000)
 Metaspace       used 10599K, capacity 10911K, committed 11008K, reserved 1058816K
  class space    used 874K, capacity 982K, committed 1024K, reserved 1048576K
GC Heap History (10 events):
Event: 5.188 GC heap before
{Heap before GC invocations=7 (full 0):
 PSYoungGen      total 545792K, used 544945K [0x0000000715980000, 0x0000000738180000, 0x00000007c0000000)
  eden space 526336K, 100% used [0x0000000715980000,0x0000000735b80000,0x0000000735b80000)
  from space 19456K, 95% used [0x0000000736e80000,0x00000007380ac6d0,0x0000000738180000)
  to   space 19456K, 0% used [0x0000000735b80000,0x0000000735b80000,0x0000000736e80000)
 ParOldGen       total 349696K, used 56K [0x00000005c0c00000, 0x00000005d6180000, 0x0000000715980000)
  object space 349696K, 0% used [0x00000005c0c00000,0x00000005c0c0e000,0x00000005d6180000)
 Metaspace       used 10582K, capacity 10905K, committed 11008K, reserved 1058816K
  class space    used 873K, capacity 981K, committed 1024K, reserved 1048576K
Event: 5.199 GC heap after
Heap after GC invocations=7 (full 0):
 PSYoungGen      total 545792K, used 8369K [0x0000000715980000, 0x0000000758780000, 0x00000007c0000000)
  eden space 526336K, 0% used [0x0000000715980000,0x0000000715980000,0x0000000735b80000)
  from space 19456K, 43% used [0x0000000735b80000,0x00000007363ac6e0,0x0000000736e80000)
  to   space 21504K, 0% used [0x0000000757280000,0x0000000757280000,0x0000000758780000)
 ParOldGen       total 349696K, used 11772K [0x00000005c0c00000, 0x00000005d6180000, 0x0000000715980000)
  object space 349696K, 3% used [0x00000005c0c00000,0x00000005c177f108,0x00000005d6180000)
 Metaspace       used 10582K, capacity 10905K, committed 11008K, reserved 1058816K
  class space    used 873K, capacity 981K, committed 1024K, reserved 1048576K
}
Event: 6.380 GC heap before
{Heap before GC invocations=8 (full 0):
 PSYoungGen      total 545792K, used 534705K [0x0000000715980000, 0x0000000758780000, 0x00000007c0000000)
  eden space 526336K, 100% used [0x0000000715980000,0x0000000735b80000,0x0000000735b80000)
  from space 19456K, 43% used [0x0000000735b80000,0x00000007363ac6e0,0x0000000736e80000)
  to   space 21504K, 0% used [0x0000000757280000,0x0000000757280000,0x0000000758780000)
 ParOldGen       total 349696K, used 11772K [0x00000005c0c00000, 0x00000005d6180000, 0x0000000715980000)
  object space 349696K, 3% used [0x00000005c0c00000,0x00000005c177f108,0x00000005d6180000)
 Metaspace       used 10588K, capacity 10905K, committed 11008K, reserved 1058816K
  class space    used 873K, capacity 981K, committed 1024K, reserved 1048576K
Event: 6.386 GC heap after
Heap after GC invocations=8 (full 0):
 PSYoungGen      total 1072640K, used 7936K [0x0000000715980000, 0x0000000758a80000, 0x00000007c0000000)
  eden space 1051136K, 0% used [0x0000000715980000,0x0000000715980000,0x0000000755c00000)
  from space 21504K, 36% used [0x0000000757280000,0x0000000757a40010,0x0000000758780000)
  to   space 23040K, 0% used [0x0000000755c00000,0x0000000755c00000,0x0000000757280000)
 ParOldGen       total 349696K, used 12664K [0x00000005c0c00000, 0x00000005d6180000, 0x0000000715980000)
  object space 349696K, 3% used [0x00000005c0c00000,0x00000005c185e390,0x00000005d6180000)
 Metaspace       used 10588K, capacity 10905K, committed 11008K, reserved 1058816K
  class space    used 873K, capacity 981K, committed 1024K, reserved 1048576K
}
Event: 8.445 GC heap before
{Heap before GC invocations=9 (full 0):
 PSYoungGen      total 1072640K, used 1059072K [0x0000000715980000, 0x0000000758a80000, 0x00000007c0000000)
  eden space 1051136K, 100% used [0x0000000715980000,0x0000000755c00000,0x0000000755c00000)
  from space 21504K, 36% used [0x0000000757280000,0x0000000757a40010,0x0000000758780000)
  to   space 23040K, 0% used [0x0000000755c00000,0x0000000755c00000,0x0000000757280000)
 ParOldGen       total 349696K, used 12664K [0x00000005c0c00000, 0x00000005d6180000, 0x0000000715980000)
  object space 349696K, 3% used [0x00000005c0c00000,0x00000005c185e390,0x00000005d6180000)
 Metaspace       used 10592K, capacity 10905K, committed 11008K, reserved 1058816K
  class space    used 873K, capacity 981K, committed 1024K, reserved 1048576K
Event: 8.453 GC heap after
Heap after GC invocations=9 (full 0):
 PSYoungGen      total 1018368K, used 13344K [0x0000000715980000, 0x0000000757300000, 0x00000007c0000000)
  eden space 1004544K, 0% used [0x0000000715980000,0x0000000715980000,0x0000000752e80000)
  from space 13824K, 96% used [0x0000000755c00000,0x0000000756908010,0x0000000756980000)
  to   space 9728K, 0% used [0x0000000756980000,0x0000000756980000,0x0000000757300000)
 ParOldGen       total 349696K, used 12728K [0x00000005c0c00000, 0x00000005d6180000, 0x0000000715980000)
  object space 349696K, 3% used [0x00000005c0c00000,0x00000005c186e390,0x00000005d6180000)
 Metaspace       used 10592K, capacity 10905K, committed 11008K, reserved 1058816K
  class space    used 873K, capacity 981K, committed 1024K, reserved 1048576K
}
Event: 10.400 GC heap before
{Heap before GC invocations=10 (full 0):
 PSYoungGen      total 1018368K, used 1017888K [0x0000000715980000, 0x0000000757300000, 0x00000007c0000000)
  eden space 1004544K, 100% used [0x0000000715980000,0x0000000752e80000,0x0000000752e80000)
  from space 13824K, 96% used [0x0000000755c00000,0x0000000756908010,0x0000000756980000)
  to   space 9728K, 0% used [0x0000000756980000,0x0000000756980000,0x0000000757300000)
 ParOldGen       total 349696K, used 12728K [0x00000005c0c00000, 0x00000005d6180000, 0x0000000715980000)
  object space 349696K, 3% used [0x00000005c0c00000,0x00000005c186e390,0x00000005d6180000)
 Metaspace       used 10593K, capacity 10905K, committed 11008K, reserved 1058816K
  class space    used 873K, capacity 981K, committed 1024K, reserved 1048576K
Event: 10.405 GC heap after
Heap after GC invocations=10 (full 0):
 PSYoungGen      total 970240K, used 9696K [0x0000000715980000, 0x0000000757300000, 0x00000007c0000000)
  eden space 960512K, 0% used [0x0000000715980000,0x0000000715980000,0x0000000750380000)
  from space 9728K, 99% used [0x0000000756980000,0x00000007572f8010,0x0000000757300000)
  to   space 23040K, 0% used [0x0000000754600000,0x0000000754600000,0x0000000755c80000)
 ParOldGen       total 349696K, used 13008K [0x00000005c0c00000, 0x00000005d6180000, 0x0000000715980000)
  object space 349696K, 3% used [0x00000005c0c00000,0x00000005c18b4390,0x00000005d6180000)
 Metaspace       used 10593K, capacity 10905K, committed 11008K, reserved 1058816K
  class space    used 873K, capacity 981K, committed 1024K, reserved 1048576K
}
Event: 12.297 GC heap before
{Heap before GC invocations=11 (full 0):
 PSYoungGen      total 970240K, used 970208K [0x0000000715980000, 0x0000000757300000, 0x00000007c0000000)
  eden space 960512K, 100% used [0x0000000715980000,0x0000000750380000,0x0000000750380000)
  from space 9728K, 99% used [0x0000000756980000,0x00000007572f8010,0x0000000757300000)
  to   space 23040K, 0% used [0x0000000754600000,0x0000000754600000,0x0000000755c80000)
 ParOldGen       total 349696K, used 13008K [0x00000005c0c00000, 0x00000005d6180000, 0x0000000715980000)
  object space 349696K, 3% used [0x00000005c0c00000,0x00000005c18b4390,0x00000005d6180000)
 Metaspace       used 10594K, capacity 10905K, committed 11008K, reserved 1058816K
  class space    used 873K, capacity 981K, committed 1024K, reserved 1048576K
Event: 12.303 GC heap after
Heap after GC invocations=11 (full 0):
 PSYoungGen      total 926208K, used 7648K [0x0000000715980000, 0x0000000756a00000, 0x00000007c0000000)
  eden space 918528K, 0% used [0x0000000715980000,0x0000000715980000,0x000000074da80000)
  from space 7680K, 99% used [0x0000000754600000,0x0000000754d78000,0x0000000754d80000)
  to   space 23552K, 0% used [0x0000000755300000,0x0000000755300000,0x0000000756a00000)
 ParOldGen       total 349696K, used 13344K [0x00000005c0c00000, 0x00000005d6180000, 0x0000000715980000)
  object space 349696K, 3% used [0x00000005c0c00000,0x00000005c19083a0,0x00000005d6180000)
 Metaspace       used 10594K, capacity 10905K, committed 11008K, reserved 1058816K
  class space    used 873K, capacity 981K, committed 1024K, reserved 1048576K
}

