# JRE version: Java(TM) SE Runtime Environment (8.0_181-b13) (build 1.8.0_181-b13)
# Java VM: Java HotSpot(TM) 64-Bit Server VM (25.181-b13 mixed mode windows-amd64 compressed oops)
Heap:
 PSYoungGen      total 1733120K, used 1341470K [0x0000000715980000, 0x000000078ac80000, 0x00000007c0000000)
  eden space 1633792K, 76% used [0x0000000715980000,0x000000076168faa8,0x0000000779500000)
  from space 99328K, 99% used [0x0000000781280000,0x0000000787378010,0x0000000787380000)
  to   space 128512K, 0% used [0x0000000779500000,0x0000000779500000,0x0000000781280000)
 ParOldGen       total 349696K, used 175336K [0x00000005c0c00000, 0x00000005d6180000, 0x0000000715980000)
  object space 349696K, 50% used [0x00000005c0c00000,0x00000005cb73a390,0x00000005d6180000)
 Metaspace       used 10651K, capacity 10975K, committed 11264K, reserved 1058816K
  class space    used 876K, capacity 982K, committed 1024K, reserved 1048576K
GC Heap History (10 events):
Event: 5.221 GC heap before
{Heap before GC invocations=6 (full 0):
 PSYoungGen      total 284672K, used 282081K [0x0000000715980000, 0x0000000738580000, 0x00000007c0000000)
  eden space 263168K, 100% used [0x0000000715980000,0x0000000725a80000,0x0000000725a80000)
  from space 21504K, 87% used [0x0000000725a80000,0x0000000726cf86f0,0x0000000726f80000)
  to   space 21504K, 0% used [0x0000000737080000,0x0000000737080000,0x0000000738580000)
 ParOldGen       total 349696K, used 48K [0x00000005c0c00000, 0x00000005d6180000, 0x0000000715980000)
  object space 349696K, 0% used [0x00000005c0c00000,0x00000005c0c0c000,0x00000005d6180000)
 Metaspace       used 10591K, capacity 10905K, committed 11008K, reserved 1058816K
  class space    used 873K, capacity 981K, committed 1024K, reserved 1048576K
Event: 5.229 GC heap after
Heap after GC invocations=6 (full 0):
 PSYoungGen      total 546816K, used 19057K [0x0000000715980000, 0x0000000738480000, 0x00000007c0000000)
  eden space 526336K, 0% used [0x0000000715980000,0x0000000715980000,0x0000000735b80000)
  from space 20480K, 93% used [0x0000000737080000,0x000000073831c700,0x0000000738480000)
  to   space 20992K, 0% used [0x0000000735b80000,0x0000000735b80000,0x0000000737000000)
 ParOldGen       total 349696K, used 48K [0x00000005c0c00000, 0x00000005d6180000, 0x0000000715980000)
  object space 349696K, 0% used [0x00000005c0c00000,0x00000005c0c0c000,0x00000005d6180000)
 Metaspace       used 10591K, capacity 10905K, committed 11008K, reserved 1058816K
  class space    used 873K, capacity 981K, committed 1024K, reserved 1048576K
}
Event: 6.851 GC heap before
{Heap before GC invocations=7 (full 0):
 PSYoungGen      total 546816K, used 545393K [0x0000000715980000, 0x0000000738480000, 0x00000007c0000000)
  eden space 526336K, 100% used [0x0000000715980000,0x0000000735b80000,0x0000000735b80000)
  from space 20480K, 93% used [0x0000000737080000,0x000000073831c700,0x0000000738480000)
  to   space 20992K, 0% used [0x0000000735b80000,0x0000000735b80000,0x0000000737000000)
 ParOldGen       total 349696K, used 48K [0x00000005c0c00000, 0x00000005d6180000, 0x0000000715980000)
  object space 349696K, 0% used [0x00000005c0c00000,0x00000005c0c0c000,0x00000005d6180000)
 Metaspace       used 10618K, capacity 10905K, committed 11008K, reserved 1058816K
  class space    used 874K, capacity 981K, committed 1024K, reserved 1048576K
Event: 6.885 GC heap after
Heap after GC invocations=7 (full 0):
 PSYoungGen      total 547328K, used 20960K [0x0000000715980000, 0x000000075bc80000, 0x00000007c0000000)
  eden space 526336K, 0% used [0x0000000715980000,0x0000000715980000,0x0000000735b80000)
  from space 20992K, 99% used [0x0000000735b80000,0x0000000736ff8010,0x0000000737000000)
  to   space 48640K, 0% used [0x0000000758d00000,0x0000000758d00000,0x000000075bc80000)
 ParOldGen       total 349696K, used 53232K [0x00000005c0c00000, 0x00000005d6180000, 0x0000000715980000)
  object space 349696K, 15% used [0x00000005c0c00000,0x00000005c3ffc390,0x00000005d6180000)
 Metaspace       used 10618K, capacity 10905K, committed 11008K, reserved 1058816K
  class space    used 874K, capacity 981K, committed 1024K, reserved 1048576K
}
Event: 7.862 GC heap before
{Heap before GC invocations=8 (full 0):
 PSYoungGen      total 547328K, used 547296K [0x0000000715980000, 0x000000075bc80000, 0x00000007c0000000)
  eden space 526336K, 100% used [0x0000000715980000,0x0000000735b80000,0x0000000735b80000)
  from space 20992K, 99% used [0x0000000735b80000,0x0000000736ff8010,0x0000000737000000)
  to   space 48640K, 0% used [0x0000000758d00000,0x0000000758d00000,0x000000075bc80000)
 ParOldGen       total 349696K, used 53232K [0x00000005c0c00000, 0x00000005d6180000, 0x0000000715980000)
  object space 349696K, 15% used [0x00000005c0c00000,0x00000005c3ffc390,0x00000005d6180000)
 Metaspace       used 10624K, capacity 10905K, committed 11008K, reserved 1058816K
  class space    used 874K, capacity 981K, committed 1024K, reserved 1048576K
Event: 7.899 GC heap after
Heap after GC invocations=8 (full 0):
 PSYoungGen      total 1088000K, used 48608K [0x0000000715980000, 0x000000075d680000, 0x00000007c0000000)
  eden space 1039360K, 0% used [0x0000000715980000,0x0000000715980000,0x0000000755080000)
  from space 48640K, 99% used [0x0000000758d00000,0x000000075bc78010,0x000000075bc80000)
  to   space 61952K, 0% used [0x0000000755080000,0x0000000755080000,0x0000000758d00000)
 ParOldGen       total 349696K, used 67296K [0x00000005c0c00000, 0x00000005d6180000, 0x0000000715980000)
  object space 349696K, 19% used [0x00000005c0c00000,0x00000005c4db8390,0x00000005d6180000)
 Metaspace       used 10624K, capacity 10905K, committed 11008K, reserved 1058816K
  class space    used 874K, capacity 981K, committed 1024K, reserved 1048576K
}
Event: 9.956 GC heap before
{Heap before GC invocations=9 (full 0):
 PSYoungGen      total 1088000K, used 1087968K [0x0000000715980000, 0x000000075d680000, 0x00000007c0000000)
  eden space 1039360K, 100% used [0x0000000715980000,0x0000000755080000,0x0000000755080000)
  from space 48640K, 99% used [0x0000000758d00000,0x000000075bc78010,0x000000075bc80000)
  to   space 61952K, 0% used [0x0000000755080000,0x0000000755080000,0x0000000758d00000)
 ParOldGen       total 349696K, used 67296K [0x00000005c0c00000, 0x00000005d6180000, 0x0000000715980000)
  object space 349696K, 19% used [0x00000005c0c00000,0x00000005c4db8390,0x00000005d6180000)
 Metaspace       used 10626K, capacity 10969K, committed 11264K, reserved 1058816K
  class space    used 874K, capacity 981K, committed 1024K, reserved 1048576K
Event: 10.025 GC heap after
Heap after GC invocations=9 (full 0):
 PSYoungGen      total 1101312K, used 61920K [0x0000000715980000, 0x0000000787380000, 0x00000007c0000000)
  eden space 1039360K, 0% used [0x0000000715980000,0x0000000715980000,0x0000000755080000)
  from space 61952K, 99% used [0x0000000755080000,0x0000000758cf8010,0x0000000758d00000)
  to   space 99328K, 0% used [0x0000000781280000,0x0000000781280000,0x0000000787380000)
 ParOldGen       total 349696K, used 138072K [0x00000005c0c00000, 0x00000005d6180000, 0x0000000715980000)
  object space 349696K, 39% used [0x00000005c0c00000,0x00000005c92d6390,0x00000005d6180000)
 Metaspace       used 10626K, capacity 10969K, committed 11264K, reserved 1058816K
  class space    used 874K, capacity 981K, committed 1024K, reserved 1048576K
}
Event: 11.950 GC heap before
{Heap before GC invocations=10 (full 0):
 PSYoungGen      total 1101312K, used 1101280K [0x0000000715980000, 0x0000000787380000, 0x00000007c0000000)
  eden space 1039360K, 100% used [0x0000000715980000,0x0000000755080000,0x0000000755080000)
  from space 61952K, 99% used [0x0000000755080000,0x0000000758cf8010,0x0000000758d00000)
  to   space 99328K, 0% used [0x0000000781280000,0x0000000781280000,0x0000000787380000)
 ParOldGen       total 349696K, used 138072K [0x00000005c0c00000, 0x00000005d6180000, 0x0000000715980000)
  object space 349696K, 39% used [0x00000005c0c00000,0x00000005c92d6390,0x00000005d6180000)
 Metaspace       used 10643K, capacity 10969K, committed 11264K, reserved 1058816K
  class space    used 875K, capacity 981K, committed 1024K, reserved 1048576K
Event: 12.023 GC heap after
Heap after GC invocations=10 (full 0):
 PSYoungGen      total 1733120K, used 99296K [0x0000000715980000, 0x000000078ac80000, 0x00000007c0000000)
  eden space 1633792K, 0% used [0x0000000715980000,0x0000000715980000,0x0000000779500000)
  from space 99328K, 99% used [0x0000000781280000,0x0000000787378010,0x0000000787380000)
  to   space 128512K, 0% used [0x0000000779500000,0x0000000779500000,0x0000000781280000)
 ParOldGen       total 349696K, used 175336K [0x00000005c0c00000, 0x00000005d6180000, 0x0000000715980000)
  object space 349696K, 50% used [0x00000005c0c00000,0x00000005cb73a390,0x00000005d6180000)
 Metaspace       used 10643K, capacity 10969K, committed 11264K, reserved 1058816K
  class space    used 875K, capacity 981K, committed 1024K, reserved 1048576K
}

