# JRE version: Java(TM) SE Runtime Environment (8.0_181-b13) (build 1.8.0_181-b13)
# Java VM: Java HotSpot(TM) 64-Bit Server VM (25.181-b13 mixed mode windows-amd64 compressed oops)
Heap:
 PSYoungGen      total 2573312K, used 240547K [0x0000000715980000, 0x00000007c0000000, 0x00000007c0000000)
  eden space 2354688K, 2% used [0x0000000715980000,0x0000000718e40d60,0x00000007a5500000)
  from space 218624K, 85% used [0x00000007a5500000,0x00000007b0b28000,0x00000007b2a80000)
  to   space 217600K, 0% used [0x00000007b2b80000,0x00000007b2b80000,0x00000007c0000000)
 ParOldGen       total 424448K, used 277978K [0x00000005c0c00000, 0x00000005daa80000, 0x0000000715980000)
  object space 424448K, 65% used [0x00000005c0c00000,0x00000005d1b76b50,0x00000005daa80000)
 Metaspace       used 10644K, capacity 10975K, committed 11264K, reserved 1058816K
  class space    used 875K, capacity 982K, committed 1024K, reserved 1048576K
GC Heap History (10 events):
Event: 221.548 GC heap before
{Heap before GC invocations=116 (full 3):
 PSYoungGen      total 2572288K, used 2545504K [0x0000000715980000, 0x00000007bf800000, 0x00000007c0000000)
  eden space 2369024K, 100% used [0x0000000715980000,0x00000007a6300000,0x00000007a6300000)
  from space 203264K, 86% used [0x00000007b3180000,0x00000007bddd8000,0x00000007bf800000)
  to   space 207360K, 0% used [0x00000007a6300000,0x00000007a6300000,0x00000007b2d80000)
 ParOldGen       total 424448K, used 207578K [0x00000005c0c00000, 0x00000005daa80000, 0x0000000715980000)
  object space 424448K, 48% used [0x00000005c0c00000,0x00000005cd6b6b50,0x00000005daa80000)
 Metaspace       used 10641K, capacity 10969K, committed 11264K, reserved 1058816K
  class space    used 874K, capacity 981K, committed 1024K, reserved 1048576K
Event: 221.682 GC heap after
Heap after GC invocations=116 (full 3):
 PSYoungGen      total 2576384K, used 185344K [0x0000000715980000, 0x00000007c0000000, 0x00000007c0000000)
  eden space 2369024K, 0% used [0x0000000715980000,0x0000000715980000,0x00000007a6300000)
  from space 207360K, 89% used [0x00000007a6300000,0x00000007b1800000,0x00000007b2d80000)
  to   space 208896K, 0% used [0x00000007b3400000,0x00000007b3400000,0x00000007c0000000)
 ParOldGen       total 424448K, used 214418K [0x00000005c0c00000, 0x00000005daa80000, 0x0000000715980000)
  object space 424448K, 50% used [0x00000005c0c00000,0x00000005cdd64b50,0x00000005daa80000)
 Metaspace       used 10641K, capacity 10969K, committed 11264K, reserved 1058816K
  class space    used 874K, capacity 981K, committed 1024K, reserved 1048576K
}
Event: 226.392 GC heap before
{Heap before GC invocations=117 (full 3):
 PSYoungGen      total 2576384K, used 2554368K [0x0000000715980000, 0x00000007c0000000, 0x00000007c0000000)
  eden space 2369024K, 100% used [0x0000000715980000,0x00000007a6300000,0x00000007a6300000)
  from space 207360K, 89% used [0x00000007a6300000,0x00000007b1800000,0x00000007b2d80000)
  to   space 208896K, 0% used [0x00000007b3400000,0x00000007b3400000,0x00000007c0000000)
 ParOldGen       total 424448K, used 214418K [0x00000005c0c00000, 0x00000005daa80000, 0x0000000715980000)
  object space 424448K, 50% used [0x00000005c0c00000,0x00000005cdd64b50,0x00000005daa80000)
 Metaspace       used 10641K, capacity 10969K, committed 11264K, reserved 1058816K
  class space    used 874K, capacity 981K, committed 1024K, reserved 1048576K
Event: 226.530 GC heap after
Heap after GC invocations=117 (full 3):
 PSYoungGen      total 2579968K, used 187072K [0x0000000715980000, 0x00000007c0000000, 0x00000007c0000000)
  eden space 2371072K, 0% used [0x0000000715980000,0x0000000715980000,0x00000007a6500000)
  from space 208896K, 89% used [0x00000007b3400000,0x00000007beab0000,0x00000007c0000000)
  to   space 210432K, 0% used [0x00000007a6500000,0x00000007a6500000,0x00000007b3280000)
 ParOldGen       total 424448K, used 231234K [0x00000005c0c00000, 0x00000005daa80000, 0x0000000715980000)
  object space 424448K, 54% used [0x00000005c0c00000,0x00000005cedd0b50,0x00000005daa80000)
 Metaspace       used 10641K, capacity 10969K, committed 11264K, reserved 1058816K
  class space    used 874K, capacity 981K, committed 1024K, reserved 1048576K
}
Event: 231.171 GC heap before
{Heap before GC invocations=118 (full 3):
 PSYoungGen      total 2579968K, used 2558144K [0x0000000715980000, 0x00000007c0000000, 0x00000007c0000000)
  eden space 2371072K, 100% used [0x0000000715980000,0x00000007a6500000,0x00000007a6500000)
  from space 208896K, 89% used [0x00000007b3400000,0x00000007beab0000,0x00000007c0000000)
  to   space 210432K, 0% used [0x00000007a6500000,0x00000007a6500000,0x00000007b3280000)
 ParOldGen       total 424448K, used 231234K [0x00000005c0c00000, 0x00000005daa80000, 0x0000000715980000)
  object space 424448K, 54% used [0x00000005c0c00000,0x00000005cedd0b50,0x00000005daa80000)
 Metaspace       used 10641K, capacity 10969K, committed 11264K, reserved 1058816K
  class space    used 874K, capacity 981K, committed 1024K, reserved 1048576K
Event: 231.313 GC heap after
Heap after GC invocations=118 (full 3):
 PSYoungGen      total 2575360K, used 204064K [0x0000000715980000, 0x00000007c0000000, 0x00000007c0000000)
  eden space 2371072K, 0% used [0x0000000715980000,0x0000000715980000,0x00000007a6500000)
  from space 204288K, 99% used [0x00000007a6500000,0x00000007b2c48000,0x00000007b2c80000)
  to   space 216576K, 0% used [0x00000007b2c80000,0x00000007b2c80000,0x00000007c0000000)
 ParOldGen       total 424448K, used 241474K [0x00000005c0c00000, 0x00000005daa80000, 0x0000000715980000)
  object space 424448K, 56% used [0x00000005c0c00000,0x00000005cf7d0b50,0x00000005daa80000)
 Metaspace       used 10641K, capacity 10969K, committed 11264K, reserved 1058816K
  class space    used 874K, capacity 981K, committed 1024K, reserved 1048576K
}
Event: 236.116 GC heap before
{Heap before GC invocations=119 (full 3):
 PSYoungGen      total 2575360K, used 2575136K [0x0000000715980000, 0x00000007c0000000, 0x00000007c0000000)
  eden space 2371072K, 100% used [0x0000000715980000,0x00000007a6500000,0x00000007a6500000)
  from space 204288K, 99% used [0x00000007a6500000,0x00000007b2c48000,0x00000007b2c80000)
  to   space 216576K, 0% used [0x00000007b2c80000,0x00000007b2c80000,0x00000007c0000000)
 ParOldGen       total 424448K, used 241474K [0x00000005c0c00000, 0x00000005daa80000, 0x0000000715980000)
  object space 424448K, 56% used [0x00000005c0c00000,0x00000005cf7d0b50,0x00000005daa80000)
 Metaspace       used 10641K, capacity 10969K, committed 11264K, reserved 1058816K
  class space    used 874K, capacity 981K, committed 1024K, reserved 1048576K
Event: 236.265 GC heap after
Heap after GC invocations=119 (full 3):
 PSYoungGen      total 2571264K, used 190592K [0x0000000715980000, 0x00000007c0000000, 0x00000007c0000000)
  eden space 2354688K, 0% used [0x0000000715980000,0x0000000715980000,0x00000007a5500000)
  from space 216576K, 88% used [0x00000007b2c80000,0x00000007be6a0000,0x00000007c0000000)
  to   space 218624K, 0% used [0x00000007a5500000,0x00000007a5500000,0x00000007b2a80000)
 ParOldGen       total 424448K, used 268986K [0x00000005c0c00000, 0x00000005daa80000, 0x0000000715980000)
  object space 424448K, 63% used [0x00000005c0c00000,0x00000005d12aeb50,0x00000005daa80000)
 Metaspace       used 10641K, capacity 10969K, committed 11264K, reserved 1058816K
  class space    used 874K, capacity 981K, committed 1024K, reserved 1048576K
}
Event: 240.825 GC heap before
{Heap before GC invocations=120 (full 3):
 PSYoungGen      total 2571264K, used 2545280K [0x0000000715980000, 0x00000007c0000000, 0x00000007c0000000)
  eden space 2354688K, 100% used [0x0000000715980000,0x00000007a5500000,0x00000007a5500000)
  from space 216576K, 88% used [0x00000007b2c80000,0x00000007be6a0000,0x00000007c0000000)
  to   space 218624K, 0% used [0x00000007a5500000,0x00000007a5500000,0x00000007b2a80000)
 ParOldGen       total 424448K, used 268986K [0x00000005c0c00000, 0x00000005daa80000, 0x0000000715980000)
  object space 424448K, 63% used [0x00000005c0c00000,0x00000005d12aeb50,0x00000005daa80000)
 Metaspace       used 10641K, capacity 10969K, committed 11264K, reserved 1058816K
  class space    used 874K, capacity 981K, committed 1024K, reserved 1048576K
Event: 240.960 GC heap after
Heap after GC invocations=120 (full 3):
 PSYoungGen      total 2573312K, used 186528K [0x0000000715980000, 0x00000007c0000000, 0x00000007c0000000)
  eden space 2354688K, 0% used [0x0000000715980000,0x0000000715980000,0x00000007a5500000)
  from space 218624K, 85% used [0x00000007a5500000,0x00000007b0b28000,0x00000007b2a80000)
  to   space 217600K, 0% used [0x00000007b2b80000,0x00000007b2b80000,0x00000007c0000000)
 ParOldGen       total 424448K, used 277978K [0x00000005c0c00000, 0x00000005daa80000, 0x0000000715980000)
  object space 424448K, 65% used [0x00000005c0c00000,0x00000005d1b76b50,0x00000005daa80000)
 Metaspace       used 10641K, capacity 10969K, committed 11264K, reserved 1058816K
  class space    used 874K, capacity 981K, committed 1024K, reserved 1048576K
}

