# JRE version: Java(TM) SE Runtime Environment (8.0_181-b13) (build 1.8.0_181-b13)
# Java VM: Java HotSpot(TM) 64-Bit Server VM (25.181-b13 mixed mode windows-amd64 compressed oops)
Heap:
 PSYoungGen      total 545280K, used 346420K [0x0000000715980000, 0x0000000758780000, 0x00000007c0000000)
  eden space 526336K, 64% used [0x0000000715980000,0x000000072a430970,0x0000000735b80000)
  from space 18944K, 41% used [0x0000000735b80000,0x000000073631c6e0,0x0000000736e00000)
  to   space 21504K, 0% used [0x0000000757280000,0x0000000757280000,0x0000000758780000)
 ParOldGen       total 349696K, used 11968K [0x00000005c0c00000, 0x00000005d6180000, 0x0000000715980000)
  object space 349696K, 3% used [0x00000005c0c00000,0x00000005c17b00f8,0x00000005d6180000)
 Metaspace       used 10586K, capacity 10905K, committed 11008K, reserved 1058816K
  class space    used 873K, capacity 979K, committed 1024K, reserved 1048576K
GC Heap History (10 events):
Event: 2.158 GC heap before
{Heap before GC invocations=3 (full 0):
 PSYoungGen      total 153088K, used 148880K [0x0000000715980000, 0x0000000728480000, 0x00000007c0000000)
  eden space 131584K, 100% used [0x0000000715980000,0x000000071da00000,0x000000071da00000)
  from space 21504K, 80% used [0x000000071ef00000,0x000000071ffe40c8,0x0000000720400000)
  to   space 21504K, 0% used [0x000000071da00000,0x000000071da00000,0x000000071ef00000)
 ParOldGen       total 349696K, used 24K [0x00000005c0c00000, 0x00000005d6180000, 0x0000000715980000)
  object space 349696K, 0% used [0x00000005c0c00000,0x00000005c0c06000,0x00000005d6180000)
 Metaspace       used 8712K, capacity 8971K, committed 9088K, reserved 1056768K
  class space    used 782K, capacity 848K, committed 896K, reserved 1048576K
Event: 2.166 GC heap after
Heap after GC invocations=3 (full 0):
 PSYoungGen      total 153088K, used 18136K [0x0000000715980000, 0x0000000728480000, 0x00000007c0000000)
  eden space 131584K, 0% used [0x0000000715980000,0x0000000715980000,0x000000071da00000)
  from space 21504K, 84% used [0x000000071da00000,0x000000071ebb61d8,0x000000071ef00000)
  to   space 21504K, 0% used [0x0000000726f80000,0x0000000726f80000,0x0000000728480000)
 ParOldGen       total 349696K, used 32K [0x00000005c0c00000, 0x00000005d6180000, 0x0000000715980000)
  object space 349696K, 0% used [0x00000005c0c00000,0x00000005c0c08000,0x00000005d6180000)
 Metaspace       used 8712K, capacity 8971K, committed 9088K, reserved 1056768K
  class space    used 782K, capacity 848K, committed 896K, reserved 1048576K
}
Event: 2.610 GC heap before
{Heap before GC invocations=4 (full 0):
 PSYoungGen      total 153088K, used 149720K [0x0000000715980000, 0x0000000728480000, 0x00000007c0000000)
  eden space 131584K, 100% used [0x0000000715980000,0x000000071da00000,0x000000071da00000)
  from space 21504K, 84% used [0x000000071da00000,0x000000071ebb61d8,0x000000071ef00000)
  to   space 21504K, 0% used [0x0000000726f80000,0x0000000726f80000,0x0000000728480000)
 ParOldGen       total 349696K, used 32K [0x00000005c0c00000, 0x00000005d6180000, 0x0000000715980000)
  object space 349696K, 0% used [0x00000005c0c00000,0x00000005c0c08000,0x00000005d6180000)
 Metaspace       used 10575K, capacity 10899K, committed 11008K, reserved 1058816K
  class space    used 871K, capacity 978K, committed 1024K, reserved 1048576K
Event: 2.618 GC heap after
Heap after GC invocations=4 (full 0):
 PSYoungGen      total 284672K, used 18909K [0x0000000715980000, 0x0000000728480000, 0x00000007c0000000)
  eden space 263168K, 0% used [0x0000000715980000,0x0000000715980000,0x0000000725a80000)
  from space 21504K, 87% used [0x0000000726f80000,0x00000007281f75b8,0x0000000728480000)
  to   space 21504K, 0% used [0x0000000725a80000,0x0000000725a80000,0x0000000726f80000)
 ParOldGen       total 349696K, used 40K [0x00000005c0c00000, 0x00000005d6180000, 0x0000000715980000)
  object space 349696K, 0% used [0x00000005c0c00000,0x00000005c0c0a000,0x00000005d6180000)
 Metaspace       used 10575K, capacity 10899K, committed 11008K, reserved 1058816K
  class space    used 871K, capacity 978K, committed 1024K, reserved 1048576K
}
Event: 3.243 GC heap before
{Heap before GC invocations=5 (full 0):
 PSYoungGen      total 284672K, used 282077K [0x0000000715980000, 0x0000000728480000, 0x00000007c0000000)
  eden space 263168K, 100% used [0x0000000715980000,0x0000000725a80000,0x0000000725a80000)
  from space 21504K, 87% used [0x0000000726f80000,0x00000007281f75b8,0x0000000728480000)
  to   space 21504K, 0% used [0x0000000725a80000,0x0000000725a80000,0x0000000726f80000)
 ParOldGen       total 349696K, used 40K [0x00000005c0c00000, 0x00000005d6180000, 0x0000000715980000)
  object space 349696K, 0% used [0x00000005c0c00000,0x00000005c0c0a000,0x00000005d6180000)
 Metaspace       used 10579K, capacity 10899K, committed 11008K, reserved 1058816K
  class space    used 872K, capacity 978K, committed 1024K, reserved 1048576K
Event: 3.251 GC heap after
Heap after GC invocations=5 (full 0):
 PSYoungGen      total 284672K, used 18160K [0x0000000715980000, 0x0000000738180000, 0x00000007c0000000)
  eden space 263168K, 0% used [0x0000000715980000,0x0000000715980000,0x0000000725a80000)
  from space 21504K, 84% used [0x0000000725a80000,0x0000000726c3c010,0x0000000726f80000)
  to   space 19456K, 0% used [0x0000000736e80000,0x0000000736e80000,0x0000000738180000)
 ParOldGen       total 349696K, used 48K [0x00000005c0c00000, 0x00000005d6180000, 0x0000000715980000)
  object space 349696K, 0% used [0x00000005c0c00000,0x00000005c0c0c000,0x00000005d6180000)
 Metaspace       used 10579K, capacity 10899K, committed 11008K, reserved 1058816K
  class space    used 872K, capacity 978K, committed 1024K, reserved 1048576K
}
Event: 3.871 GC heap before
{Heap before GC invocations=6 (full 0):
 PSYoungGen      total 284672K, used 281328K [0x0000000715980000, 0x0000000738180000, 0x00000007c0000000)
  eden space 263168K, 100% used [0x0000000715980000,0x0000000725a80000,0x0000000725a80000)
  from space 21504K, 84% used [0x0000000725a80000,0x0000000726c3c010,0x0000000726f80000)
  to   space 19456K, 0% used [0x0000000736e80000,0x0000000736e80000,0x0000000738180000)
 ParOldGen       total 349696K, used 48K [0x00000005c0c00000, 0x00000005d6180000, 0x0000000715980000)
  object space 349696K, 0% used [0x00000005c0c00000,0x00000005c0c0c000,0x00000005d6180000)
 Metaspace       used 10579K, capacity 10899K, committed 11008K, reserved 1058816K
  class space    used 872K, capacity 978K, committed 1024K, reserved 1048576K
Event: 3.879 GC heap after
Heap after GC invocations=6 (full 0):
 PSYoungGen      total 544768K, used 18160K [0x0000000715980000, 0x0000000738080000, 0x00000007c0000000)
  eden space 526336K, 0% used [0x0000000715980000,0x0000000715980000,0x0000000735b80000)
  from space 18432K, 98% used [0x0000000736e80000,0x000000073803c010,0x0000000738080000)
  to   space 18944K, 0% used [0x0000000735b80000,0x0000000735b80000,0x0000000736e00000)
 ParOldGen       total 349696K, used 48K [0x00000005c0c00000, 0x00000005d6180000, 0x0000000715980000)
  object space 349696K, 0% used [0x00000005c0c00000,0x00000005c0c0c000,0x00000005d6180000)
 Metaspace       used 10579K, capacity 10899K, committed 11008K, reserved 1058816K
  class space    used 872K, capacity 978K, committed 1024K, reserved 1048576K
}
Event: 5.136 GC heap before
{Heap before GC invocations=7 (full 0):
 PSYoungGen      total 544768K, used 544496K [0x0000000715980000, 0x0000000738080000, 0x00000007c0000000)
  eden space 526336K, 100% used [0x0000000715980000,0x0000000735b80000,0x0000000735b80000)
  from space 18432K, 98% used [0x0000000736e80000,0x000000073803c010,0x0000000738080000)
  to   space 18944K, 0% used [0x0000000735b80000,0x0000000735b80000,0x0000000736e00000)
 ParOldGen       total 349696K, used 48K [0x00000005c0c00000, 0x00000005d6180000, 0x0000000715980000)
  object space 349696K, 0% used [0x00000005c0c00000,0x00000005c0c0c000,0x00000005d6180000)
 Metaspace       used 10579K, capacity 10899K, committed 11008K, reserved 1058816K
  class space    used 872K, capacity 978K, committed 1024K, reserved 1048576K
Event: 5.147 GC heap after
Heap after GC invocations=7 (full 0):
 PSYoungGen      total 545280K, used 7793K [0x0000000715980000, 0x0000000758780000, 0x00000007c0000000)
  eden space 526336K, 0% used [0x0000000715980000,0x0000000715980000,0x0000000735b80000)
  from space 18944K, 41% used [0x0000000735b80000,0x000000073631c6e0,0x0000000736e00000)
  to   space 21504K, 0% used [0x0000000757280000,0x0000000757280000,0x0000000758780000)
 ParOldGen       total 349696K, used 11968K [0x00000005c0c00000, 0x00000005d6180000, 0x0000000715980000)
  object space 349696K, 3% used [0x00000005c0c00000,0x00000005c17b00f8,0x00000005d6180000)
 Metaspace       used 10579K, capacity 10899K, committed 11008K, reserved 1058816K
  class space    used 872K, capacity 978K, committed 1024K, reserved 1048576K
}

